# JRE version: OpenJDK Runtime Environment (17.0.7) (build 17.0.7+0-b2043.56-10550314)
# Java VM: OpenJDK 64-Bit Server VM (17.0.7+0-b2043.56-10550314, mixed mode, tiered, compressed oops, compressed class ptrs, g1 gc, windows-amd64)
GC Precious Log:
 CPUs: 16 total, 16 available
 Memory: 16334M
 Large Page Support: Disabled
 NUMA Support: Disabled
 Compressed Oops: Enabled (Zero based)
 Heap Region Size: 2M
 Heap Min Capacity: 8M
 Heap Initial Capacity: 256M
 Heap Max Capacity: 4084M
 Pre-touch: Disabled
 Parallel Workers: 13
 Concurrent Workers: 3
 Concurrent Refinement Workers: 13
 Periodic GC: Disabled
Heap:
 garbage-first heap   total 249856K, used 148693K [0x0000000700c00000, 0x0000000800000000)
  region size 2048K, 6 young (12288K), 4 survivors (8192K)
 Metaspace       used 90372K, committed 90688K, reserved 1179648K
  class space    used 9671K, committed 9856K, reserved 1048576K
GC Heap History (20 events):
Event: 6.305 GC heap before
{Heap before GC invocations=26 (full 0):
 garbage-first heap   total 194560K, used 153092K [0x0000000700c00000, 0x0000000800000000)
  region size 2048K, 29 young (59392K), 5 survivors (10240K)
 Metaspace       used 61019K, committed 61312K, reserved 1114112K
  class space    used 7074K, committed 7232K, reserved 1048576K
}
Event: 6.316 GC heap after
{Heap after GC invocations=27 (full 0):
 garbage-first heap   total 194560K, used 108461K [0x0000000700c00000, 0x0000000800000000)
  region size 2048K, 4 young (8192K), 4 survivors (8192K)
 Metaspace       used 61019K, committed 61312K, reserved 1114112K
  class space    used 7074K, committed 7232K, reserved 1048576K
}
Event: 7.256 GC heap before
{Heap before GC invocations=28 (full 0):
 garbage-first heap   total 194560K, used 151469K [0x0000000700c00000, 0x0000000800000000)
  region size 2048K, 26 young (53248K), 4 survivors (8192K)
 Metaspace       used 63326K, committed 63680K, reserved 1114112K
  class space    used 7196K, committed 7360K, reserved 1048576K
}
Event: 7.267 GC heap after
{Heap after GC invocations=29 (full 0):
 garbage-first heap   total 194560K, used 115183K [0x0000000700c00000, 0x0000000800000000)
  region size 2048K, 4 young (8192K), 4 survivors (8192K)
 Metaspace       used 63326K, committed 63680K, reserved 1114112K
  class space    used 7196K, committed 7360K, reserved 1048576K
}
Event: 7.325 GC heap before
{Heap before GC invocations=29 (full 0):
 garbage-first heap   total 194560K, used 117231K [0x0000000700c00000, 0x0000000800000000)
  region size 2048K, 5 young (10240K), 4 survivors (8192K)
 Metaspace       used 63463K, committed 63808K, reserved 1114112K
  class space    used 7196K, committed 7360K, reserved 1048576K
}
Event: 7.333 GC heap after
{Heap after GC invocations=30 (full 0):
 garbage-first heap   total 249856K, used 116037K [0x0000000700c00000, 0x0000000800000000)
  region size 2048K, 1 young (2048K), 1 survivors (2048K)
 Metaspace       used 63463K, committed 63808K, reserved 1114112K
  class space    used 7196K, committed 7360K, reserved 1048576K
}
Event: 8.793 GC heap before
{Heap before GC invocations=30 (full 0):
 garbage-first heap   total 249856K, used 193861K [0x0000000700c00000, 0x0000000800000000)
  region size 2048K, 39 young (79872K), 1 survivors (2048K)
 Metaspace       used 69632K, committed 69888K, reserved 1114112K
  class space    used 7742K, committed 7872K, reserved 1048576K
}
Event: 8.802 GC heap after
{Heap after GC invocations=31 (full 0):
 garbage-first heap   total 249856K, used 124025K [0x0000000700c00000, 0x0000000800000000)
  region size 2048K, 5 young (10240K), 5 survivors (10240K)
 Metaspace       used 69632K, committed 69888K, reserved 1114112K
  class space    used 7742K, committed 7872K, reserved 1048576K
}
Event: 9.900 GC heap before
{Heap before GC invocations=32 (full 0):
 garbage-first heap   total 249856K, used 195705K [0x0000000700c00000, 0x0000000800000000)
  region size 2048K, 40 young (81920K), 5 survivors (10240K)
 Metaspace       used 79252K, committed 79552K, reserved 1179648K
  class space    used 8605K, committed 8768K, reserved 1048576K
}
Event: 9.910 GC heap after
{Heap after GC invocations=33 (full 0):
 garbage-first heap   total 249856K, used 130350K [0x0000000700c00000, 0x0000000800000000)
  region size 2048K, 4 young (8192K), 4 survivors (8192K)
 Metaspace       used 79252K, committed 79552K, reserved 1179648K
  class space    used 8605K, committed 8768K, reserved 1048576K
}
Event: 9.963 GC heap before
{Heap before GC invocations=33 (full 0):
 garbage-first heap   total 249856K, used 134446K [0x0000000700c00000, 0x0000000800000000)
  region size 2048K, 6 young (12288K), 4 survivors (8192K)
 Metaspace       used 79542K, committed 79808K, reserved 1179648K
  class space    used 8633K, committed 8768K, reserved 1048576K
}
Event: 9.968 GC heap after
{Heap after GC invocations=34 (full 0):
 garbage-first heap   total 249856K, used 130802K [0x0000000700c00000, 0x0000000800000000)
  region size 2048K, 1 young (2048K), 1 survivors (2048K)
 Metaspace       used 79542K, committed 79808K, reserved 1179648K
  class space    used 8633K, committed 8768K, reserved 1048576K
}
Event: 10.548 GC heap before
{Heap before GC invocations=34 (full 0):
 garbage-first heap   total 249856K, used 198386K [0x0000000700c00000, 0x0000000800000000)
  region size 2048K, 34 young (69632K), 1 survivors (2048K)
 Metaspace       used 82611K, committed 82944K, reserved 1179648K
  class space    used 8846K, committed 9024K, reserved 1048576K
}
Event: 10.553 GC heap after
{Heap after GC invocations=35 (full 0):
 garbage-first heap   total 249856K, used 134316K [0x0000000700c00000, 0x0000000800000000)
  region size 2048K, 3 young (6144K), 3 survivors (6144K)
 Metaspace       used 82611K, committed 82944K, reserved 1179648K
  class space    used 8846K, committed 9024K, reserved 1048576K
}
Event: 11.458 GC heap before
{Heap before GC invocations=36 (full 0):
 garbage-first heap   total 249856K, used 201900K [0x0000000700c00000, 0x0000000800000000)
  region size 2048K, 35 young (71680K), 3 survivors (6144K)
 Metaspace       used 89427K, committed 89728K, reserved 1179648K
  class space    used 9586K, committed 9728K, reserved 1048576K
}
Event: 11.465 GC heap after
{Heap after GC invocations=37 (full 0):
 garbage-first heap   total 249856K, used 140684K [0x0000000700c00000, 0x0000000800000000)
  region size 2048K, 5 young (10240K), 5 survivors (10240K)
 Metaspace       used 89427K, committed 89728K, reserved 1179648K
  class space    used 9586K, committed 9728K, reserved 1048576K
}
Event: 11.477 GC heap before
{Heap before GC invocations=37 (full 0):
 garbage-first heap   total 249856K, used 140684K [0x0000000700c00000, 0x0000000800000000)
  region size 2048K, 6 young (12288K), 5 survivors (10240K)
 Metaspace       used 89438K, committed 89792K, reserved 1179648K
  class space    used 9586K, committed 9728K, reserved 1048576K
}
Event: 11.483 GC heap after
{Heap after GC invocations=38 (full 0):
 garbage-first heap   total 249856K, used 141935K [0x0000000700c00000, 0x0000000800000000)
  region size 2048K, 1 young (2048K), 1 survivors (2048K)
 Metaspace       used 89438K, committed 89792K, reserved 1179648K
  class space    used 9586K, committed 9728K, reserved 1048576K
}
Event: 11.936 GC heap before
{Heap before GC invocations=38 (full 0):
 garbage-first heap   total 249856K, used 203375K [0x0000000700c00000, 0x0000000800000000)
  region size 2048K, 31 young (63488K), 1 survivors (2048K)
 Metaspace       used 90299K, committed 90688K, reserved 1179648K
  class space    used 9662K, committed 9856K, reserved 1048576K
}
Event: 11.942 GC heap after
{Heap after GC invocations=39 (full 0):
 garbage-first heap   total 249856K, used 146645K [0x0000000700c00000, 0x0000000800000000)
  region size 2048K, 4 young (8192K), 4 survivors (8192K)
 Metaspace       used 90299K, committed 90688K, reserved 1179648K
  class space    used 9662K, committed 9856K, reserved 1048576K
}

